<?xml version="1.0" encoding="UTF-8"?>
<!-- Generated by org.testng.reporters.JUnitReportReporter -->
<testsuite hostname="PCV005056201183" failures="0" tests="7" name="com.crm.qa.testcases.LoginPageTest" time="126.020" errors="0" timestamp="2020-05-27T17:01:36 BST" skipped="0">
  <testcase classname="com.crm.qa.testcases.LoginPageTest" name="ValidateForgetPasswordLinkTest" time="15.630"/>
  <system-out/>
  <testcase classname="com.crm.qa.testcases.LoginPageTest" name="ValidateSignUpLinkTest" time="24.893"/>
  <system-out/>
  <testcase classname="com.crm.qa.testcases.LoginPageTest" name="loginTest" time="18.476"/>
  <system-out/>
  <testcase classname="com.crm.qa.testcases.LoginPageTest" name="ValidateClassicCRMLinkTest" time="16.966"/>
  <system-out/>
  <testcase classname="com.crm.qa.testcases.LoginPageTest" name="loginPageTitleTest" time="17.285"/>
  <system-out/>
  <testcase classname="com.crm.qa.testcases.LoginPageTest" name="validateSignUpTest" time="16.841"/>
  <system-out/>
  <testcase classname="com.crm.qa.testcases.LoginPageTest" name="validateCRMTest" time="15.929"/>
  <system-out/>
</testsuite> <!-- com.crm.qa.testcases.LoginPageTest -->
