<?xml version="1.0" encoding="UTF-8"?>
<!-- Generated by org.testng.reporters.JUnitReportReporter -->
<testsuite hostname="PCV005056201183" failures="0" tests="3" name="com.crm.qa.testcases.HomePageTest" time="64.460" errors="0" timestamp="2020-05-27T17:01:36 BST" skipped="0">
  <testcase classname="com.crm.qa.testcases.HomePageTest" name="VerifyHomePageTitle" time="19.485"/>
  <system-out/>
  <testcase classname="com.crm.qa.testcases.HomePageTest" name="VerifyCorrectUserName" time="21.945"/>
  <system-out/>
  <testcase classname="com.crm.qa.testcases.HomePageTest" name="VerifyClickOnContactLink" time="23.030"/>
  <system-out/>
</testsuite> <!-- com.crm.qa.testcases.HomePageTest -->
