<?xml version="1.0" encoding="UTF-8"?>
<!-- Generated by org.testng.reporters.JUnitReportReporter -->
<testsuite hostname="PCV005056201183" failures="0" tests="3" name="com.crm.qa.testcases.ContactsPageTest" time="69.425" errors="0" timestamp="2020-05-27T17:01:36 BST" skipped="0">
  <testcase classname="com.crm.qa.testcases.ContactsPageTest" name="VerifyContactsLabel" time="24.971"/>
  <system-out/>
  <testcase classname="com.crm.qa.testcases.ContactsPageTest" name="ClickOnContactPgaeCheckBox" time="23.188"/>
  <system-out/>
  <testcase classname="com.crm.qa.testcases.ContactsPageTest" name="ClickonnewContact" time="21.266"/>
  <system-out/>
</testsuite> <!-- com.crm.qa.testcases.ContactsPageTest -->
