<?xml version="1.0" encoding="UTF-8"?>
<!-- Generated by org.testng.reporters.JUnitReportReporter -->
<testsuite hostname="PCV005056201183" failures="0" tests="2" name="com.crm.qa.testcases.DealPageTest" time="36.833" errors="0" timestamp="2020-05-24T07:19:49 BST" skipped="0">
  <testcase classname="com.crm.qa.testcases.DealPageTest" name="ClickOnDealsLink" time="19.611"/>
  <system-out/>
  <testcase classname="com.crm.qa.testcases.DealPageTest" name="ClickOnNewDeal" time="17.222"/>
  <system-out/>
</testsuite> <!-- com.crm.qa.testcases.DealPageTest -->
